2018-05-28 10:21:26,536 [main] INFO  StepConfigServerApplication [SpringApplication.java:597] - The following profiles are active: native
2018-05-28 10:21:30,803 [main] INFO  StepConfigServerApplication [StartupInfoLogger.java:57] - Started StepConfigServerApplication in 5.384 seconds (JVM running for 5.996)
2018-05-28 10:24:34,393 [main] INFO  AnnotationConfigApplicationContext [AbstractApplicationContext.java:583] - Refreshing org.springframework.context.annotation.AnnotationConfigApplicationContext@b3ca52e: startup date [Mon May 28 10:24:34 CST 2018]; root of context hierarchy
2018-05-28 10:24:34,502 [background-preinit] INFO  Version [Version.java:30] - HV000001: Hibernate Validator 5.3.6.Final
2018-05-28 10:24:34,619 [main] INFO  AutowiredAnnotationBeanPostProcessor [AutowiredAnnotationBeanPostProcessor.java:155] - JSR-330 'javax.inject.Inject' annotation found and supported for autowiring
2018-05-28 10:24:34,669 [main] INFO  PostProcessorRegistrationDelegate$BeanPostProcessorChecker [PostProcessorRegistrationDelegate.java:327] - Bean 'configurationPropertiesRebinderAutoConfiguration' of type [org.springframework.cloud.autoconfigure.ConfigurationPropertiesRebinderAutoConfiguration$$EnhancerBySpringCGLIB$$ce2d63c2] is not eligible for getting processed by all BeanPostProcessors (for example: not eligible for auto-proxying)
2018-05-28 10:24:35,257 [main] INFO  StepConfigServerApplication [SpringApplication.java:597] - The following profiles are active: native
2018-05-28 10:24:35,268 [main] INFO  AnnotationConfigEmbeddedWebApplicationContext [AbstractApplicationContext.java:583] - Refreshing org.springframework.boot.context.embedded.AnnotationConfigEmbeddedWebApplicationContext@7a791b66: startup date [Mon May 28 10:24:35 CST 2018]; parent: org.springframework.context.annotation.AnnotationConfigApplicationContext@b3ca52e
2018-05-28 10:24:35,992 [main] INFO  GenericScope [GenericScope.java:288] - BeanFactory id=0d9897e1-1436-3956-b097-2ce3a8408d2a
2018-05-28 10:24:36,008 [main] INFO  AutowiredAnnotationBeanPostProcessor [AutowiredAnnotationBeanPostProcessor.java:155] - JSR-330 'javax.inject.Inject' annotation found and supported for autowiring
2018-05-28 10:24:36,052 [main] INFO  PostProcessorRegistrationDelegate$BeanPostProcessorChecker [PostProcessorRegistrationDelegate.java:327] - Bean 'org.springframework.cloud.netflix.metrics.MetricsInterceptorConfiguration$MetricsRestTemplateConfiguration' of type [org.springframework.cloud.netflix.metrics.MetricsInterceptorConfiguration$MetricsRestTemplateConfiguration$$EnhancerBySpringCGLIB$$e4400706] is not eligible for getting processed by all BeanPostProcessors (for example: not eligible for auto-proxying)
2018-05-28 10:24:36,064 [main] INFO  PostProcessorRegistrationDelegate$BeanPostProcessorChecker [PostProcessorRegistrationDelegate.java:327] - Bean 'org.springframework.cloud.autoconfigure.ConfigurationPropertiesRebinderAutoConfiguration' of type [org.springframework.cloud.autoconfigure.ConfigurationPropertiesRebinderAutoConfiguration$$EnhancerBySpringCGLIB$$ce2d63c2] is not eligible for getting processed by all BeanPostProcessors (for example: not eligible for auto-proxying)
2018-05-28 10:24:36,267 [main] INFO  TomcatEmbeddedServletContainer [TomcatEmbeddedServletContainer.java:92] - Tomcat initialized with port(s): 10200 (http)
2018-05-28 10:24:36,277 [main] INFO  Http11NioProtocol [DirectJDKLog.java:180] - Initializing ProtocolHandler ["http-nio-10200"]
2018-05-28 10:24:36,285 [main] INFO  StandardService [DirectJDKLog.java:180] - Starting service [Tomcat]
2018-05-28 10:24:36,286 [main] INFO  StandardEngine [DirectJDKLog.java:180] - Starting Servlet Engine: Apache Tomcat/8.5.31
2018-05-28 10:24:36,391 [localhost-startStop-1] INFO  [/] [DirectJDKLog.java:180] - Initializing Spring embedded WebApplicationContext
2018-05-28 10:24:36,391 [localhost-startStop-1] INFO  ContextLoader [EmbeddedWebApplicationContext.java:276] - Root WebApplicationContext: initialization completed in 1123 ms
2018-05-28 10:24:36,631 [localhost-startStop-1] INFO  ServletRegistrationBean [ServletRegistrationBean.java:190] - Mapping servlet: 'dispatcherServlet' to [/]
2018-05-28 10:24:36,635 [localhost-startStop-1] INFO  FilterRegistrationBean [AbstractFilterRegistrationBean.java:258] - Mapping filter: 'metricsFilter' to: [/*]
2018-05-28 10:24:36,636 [localhost-startStop-1] INFO  FilterRegistrationBean [AbstractFilterRegistrationBean.java:258] - Mapping filter: 'characterEncodingFilter' to: [/*]
2018-05-28 10:24:36,636 [localhost-startStop-1] INFO  FilterRegistrationBean [AbstractFilterRegistrationBean.java:258] - Mapping filter: 'hiddenHttpMethodFilter' to: [/*]
2018-05-28 10:24:36,637 [localhost-startStop-1] INFO  FilterRegistrationBean [AbstractFilterRegistrationBean.java:258] - Mapping filter: 'httpPutFormContentFilter' to: [/*]
2018-05-28 10:24:36,637 [localhost-startStop-1] INFO  FilterRegistrationBean [AbstractFilterRegistrationBean.java:258] - Mapping filter: 'requestContextFilter' to: [/*]
2018-05-28 10:24:36,637 [localhost-startStop-1] INFO  FilterRegistrationBean [AbstractFilterRegistrationBean.java:258] - Mapping filter: 'webRequestLoggingFilter' to: [/*]
2018-05-28 10:24:36,637 [localhost-startStop-1] INFO  FilterRegistrationBean [AbstractFilterRegistrationBean.java:258] - Mapping filter: 'applicationContextIdFilter' to: [/*]
2018-05-28 10:24:36,814 [main] WARN  URLConfigurationSource [URLConfigurationSource.java:121] - No URLs will be polled as dynamic configuration sources.
2018-05-28 10:24:36,815 [main] INFO  URLConfigurationSource [URLConfigurationSource.java:122] - To enable URLs as dynamic configuration sources, define System property archaius.configurationSource.additionalUrls or make config.properties available on classpath.
2018-05-28 10:24:36,819 [main] WARN  URLConfigurationSource [URLConfigurationSource.java:121] - No URLs will be polled as dynamic configuration sources.
2018-05-28 10:24:36,820 [main] INFO  URLConfigurationSource [URLConfigurationSource.java:122] - To enable URLs as dynamic configuration sources, define System property archaius.configurationSource.additionalUrls or make config.properties available on classpath.
2018-05-28 10:24:37,044 [main] INFO  RequestMappingHandlerAdapter [RequestMappingHandlerAdapter.java:534] - Looking for @ControllerAdvice: org.springframework.boot.context.embedded.AnnotationConfigEmbeddedWebApplicationContext@7a791b66: startup date [Mon May 28 10:24:35 CST 2018]; parent: org.springframework.context.annotation.AnnotationConfigApplicationContext@b3ca52e
2018-05-28 10:24:37,102 [main] INFO  RequestMappingHandlerMapping [AbstractHandlerMethodMapping.java:543] - Mapped "{[/error]}" onto public org.springframework.http.ResponseEntity<java.util.Map<java.lang.String, java.lang.Object>> org.springframework.boot.autoconfigure.web.BasicErrorController.error(javax.servlet.http.HttpServletRequest)
2018-05-28 10:24:37,103 [main] INFO  RequestMappingHandlerMapping [AbstractHandlerMethodMapping.java:543] - Mapped "{[/error],produces=[text/html]}" onto public org.springframework.web.servlet.ModelAndView org.springframework.boot.autoconfigure.web.BasicErrorController.errorHtml(javax.servlet.http.HttpServletRequest,javax.servlet.http.HttpServletResponse)
2018-05-28 10:24:37,113 [main] INFO  RequestMappingHandlerMapping [AbstractHandlerMethodMapping.java:543] - Mapped "{[/encrypt],methods=[POST]}" onto public java.lang.String org.springframework.cloud.config.server.encryption.EncryptionController.encrypt(java.lang.String,org.springframework.http.MediaType)
2018-05-28 10:24:37,114 [main] INFO  RequestMappingHandlerMapping [AbstractHandlerMethodMapping.java:543] - Mapped "{[/encrypt/{name}/{profiles}],methods=[POST]}" onto public java.lang.String org.springframework.cloud.config.server.encryption.EncryptionController.encrypt(java.lang.String,java.lang.String,java.lang.String,org.springframework.http.MediaType)
2018-05-28 10:24:37,114 [main] INFO  RequestMappingHandlerMapping [AbstractHandlerMethodMapping.java:543] - Mapped "{[/decrypt/{name}/{profiles}],methods=[POST]}" onto public java.lang.String org.springframework.cloud.config.server.encryption.EncryptionController.decrypt(java.lang.String,java.lang.String,java.lang.String,org.springframework.http.MediaType)
2018-05-28 10:24:37,115 [main] INFO  RequestMappingHandlerMapping [AbstractHandlerMethodMapping.java:543] - Mapped "{[/decrypt],methods=[POST]}" onto public java.lang.String org.springframework.cloud.config.server.encryption.EncryptionController.decrypt(java.lang.String,org.springframework.http.MediaType)
2018-05-28 10:24:37,115 [main] INFO  RequestMappingHandlerMapping [AbstractHandlerMethodMapping.java:543] - Mapped "{[/encrypt/status],methods=[GET]}" onto public java.util.Map<java.lang.String, java.lang.Object> org.springframework.cloud.config.server.encryption.EncryptionController.status()
2018-05-28 10:24:37,115 [main] INFO  RequestMappingHandlerMapping [AbstractHandlerMethodMapping.java:543] - Mapped "{[/key],methods=[GET]}" onto public java.lang.String org.springframework.cloud.config.server.encryption.EncryptionController.getPublicKey()
2018-05-28 10:24:37,116 [main] INFO  RequestMappingHandlerMapping [AbstractHandlerMethodMapping.java:543] - Mapped "{[/key/{name}/{profiles}],methods=[GET]}" onto public java.lang.String org.springframework.cloud.config.server.encryption.EncryptionController.getPublicKey(java.lang.String,java.lang.String)
2018-05-28 10:24:37,121 [main] INFO  RequestMappingHandlerMapping [AbstractHandlerMethodMapping.java:543] - Mapped "{[/{name}-{profiles}.properties],methods=[GET]}" onto public org.springframework.http.ResponseEntity<java.lang.String> org.springframework.cloud.config.server.environment.EnvironmentController.properties(java.lang.String,java.lang.String,boolean) throws java.io.IOException
2018-05-28 10:24:37,121 [main] INFO  RequestMappingHandlerMapping [AbstractHandlerMethodMapping.java:543] - Mapped "{[/{name}-{profiles}.yml || /{name}-{profiles}.yaml],methods=[GET]}" onto public org.springframework.http.ResponseEntity<java.lang.String> org.springframework.cloud.config.server.environment.EnvironmentController.yaml(java.lang.String,java.lang.String,boolean) throws java.lang.Exception
2018-05-28 10:24:37,122 [main] INFO  RequestMappingHandlerMapping [AbstractHandlerMethodMapping.java:543] - Mapped "{[/{label}/{name}-{profiles}.properties],methods=[GET]}" onto public org.springframework.http.ResponseEntity<java.lang.String> org.springframework.cloud.config.server.environment.EnvironmentController.labelledProperties(java.lang.String,java.lang.String,java.lang.String,boolean) throws java.io.IOException
2018-05-28 10:24:37,123 [main] INFO  RequestMappingHandlerMapping [AbstractHandlerMethodMapping.java:543] - Mapped "{[/{label}/{name}-{profiles}.json],methods=[GET]}" onto public org.springframework.http.ResponseEntity<java.lang.String> org.springframework.cloud.config.server.environment.EnvironmentController.labelledJsonProperties(java.lang.String,java.lang.String,java.lang.String,boolean) throws java.lang.Exception
2018-05-28 10:24:37,123 [main] INFO  RequestMappingHandlerMapping [AbstractHandlerMethodMapping.java:543] - Mapped "{[/{name}/{profiles:.*[^-].*}],methods=[GET]}" onto public org.springframework.cloud.config.environment.Environment org.springframework.cloud.config.server.environment.EnvironmentController.defaultLabel(java.lang.String,java.lang.String)
2018-05-28 10:24:37,124 [main] INFO  RequestMappingHandlerMapping [AbstractHandlerMethodMapping.java:543] - Mapped "{[/{name}/{profiles}/{label:.*}],methods=[GET]}" onto public org.springframework.cloud.config.environment.Environment org.springframework.cloud.config.server.environment.EnvironmentController.labelled(java.lang.String,java.lang.String,java.lang.String)
2018-05-28 10:24:37,124 [main] INFO  RequestMappingHandlerMapping [AbstractHandlerMethodMapping.java:543] - Mapped "{[/{name}-{profiles}.json],methods=[GET]}" onto public org.springframework.http.ResponseEntity<java.lang.String> org.springframework.cloud.config.server.environment.EnvironmentController.jsonProperties(java.lang.String,java.lang.String,boolean) throws java.lang.Exception
2018-05-28 10:24:37,125 [main] INFO  RequestMappingHandlerMapping [AbstractHandlerMethodMapping.java:543] - Mapped "{[/{label}/{name}-{profiles}.yml || /{label}/{name}-{profiles}.yaml],methods=[GET]}" onto public org.springframework.http.ResponseEntity<java.lang.String> org.springframework.cloud.config.server.environment.EnvironmentController.labelledYaml(java.lang.String,java.lang.String,java.lang.String,boolean) throws java.lang.Exception
2018-05-28 10:24:37,128 [main] INFO  RequestMappingHandlerMapping [AbstractHandlerMethodMapping.java:543] - Mapped "{[/{name}/{profile}/**],methods=[GET],params=[useDefaultLabel]}" onto public java.lang.String org.springframework.cloud.config.server.resource.ResourceController.retrieve(java.lang.String,java.lang.String,javax.servlet.http.HttpServletRequest,boolean) throws java.io.IOException
2018-05-28 10:24:37,129 [main] INFO  RequestMappingHandlerMapping [AbstractHandlerMethodMapping.java:543] - Mapped "{[/{name}/{profile}/{label}/**],methods=[GET]}" onto public java.lang.String org.springframework.cloud.config.server.resource.ResourceController.retrieve(java.lang.String,java.lang.String,java.lang.String,javax.servlet.http.HttpServletRequest,boolean) throws java.io.IOException
2018-05-28 10:24:37,129 [main] INFO  RequestMappingHandlerMapping [AbstractHandlerMethodMapping.java:543] - Mapped "{[/{name}/{profile}/{label}/**],methods=[GET],produces=[application/octet-stream]}" onto public synchronized byte[] org.springframework.cloud.config.server.resource.ResourceController.binary(java.lang.String,java.lang.String,java.lang.String,javax.servlet.http.HttpServletRequest) throws java.io.IOException
2018-05-28 10:24:37,150 [main] INFO  SimpleUrlHandlerMapping [AbstractUrlHandlerMapping.java:362] - Mapped URL path [/webjars/**] onto handler of type [class org.springframework.web.servlet.resource.ResourceHttpRequestHandler]
2018-05-28 10:24:37,150 [main] INFO  SimpleUrlHandlerMapping [AbstractUrlHandlerMapping.java:362] - Mapped URL path [/**] onto handler of type [class org.springframework.web.servlet.resource.ResourceHttpRequestHandler]
2018-05-28 10:24:37,182 [main] INFO  SimpleUrlHandlerMapping [AbstractUrlHandlerMapping.java:362] - Mapped URL path [/**/favicon.ico] onto handler of type [class org.springframework.web.servlet.resource.ResourceHttpRequestHandler]
2018-05-28 10:24:38,123 [main] INFO  EndpointHandlerMapping [AbstractHandlerMethodMapping.java:543] - Mapped "{[/beans || /beans.json],methods=[GET],produces=[application/vnd.spring-boot.actuator.v1+json || application/json]}" onto public java.lang.Object org.springframework.boot.actuate.endpoint.mvc.EndpointMvcAdapter.invoke()
2018-05-28 10:24:38,123 [main] INFO  EndpointHandlerMapping [AbstractHandlerMethodMapping.java:543] - Mapped "{[/refresh || /refresh.json],methods=[POST]}" onto public java.lang.Object org.springframework.cloud.endpoint.GenericPostableMvcEndpoint.invoke()
2018-05-28 10:24:38,124 [main] INFO  EndpointHandlerMapping [AbstractHandlerMethodMapping.java:543] - Mapped "{[/info || /info.json],methods=[GET],produces=[application/vnd.spring-boot.actuator.v1+json || application/json]}" onto public java.lang.Object org.springframework.boot.actuate.endpoint.mvc.EndpointMvcAdapter.invoke()
2018-05-28 10:24:38,125 [main] INFO  EndpointHandlerMapping [AbstractHandlerMethodMapping.java:543] - Mapped "{[/dump || /dump.json],methods=[GET],produces=[application/vnd.spring-boot.actuator.v1+json || application/json]}" onto public java.lang.Object org.springframework.boot.actuate.endpoint.mvc.EndpointMvcAdapter.invoke()
2018-05-28 10:24:38,126 [main] INFO  EndpointHandlerMapping [AbstractHandlerMethodMapping.java:543] - Mapped "{[/env/{name:.*}],methods=[GET],produces=[application/vnd.spring-boot.actuator.v1+json || application/json]}" onto public java.lang.Object org.springframework.boot.actuate.endpoint.mvc.EnvironmentMvcEndpoint.value(java.lang.String)
2018-05-28 10:24:38,127 [main] INFO  EndpointHandlerMapping [AbstractHandlerMethodMapping.java:543] - Mapped "{[/env || /env.json],methods=[GET],produces=[application/vnd.spring-boot.actuator.v1+json || application/json]}" onto public java.lang.Object org.springframework.boot.actuate.endpoint.mvc.EndpointMvcAdapter.invoke()
2018-05-28 10:24:38,127 [main] INFO  EndpointHandlerMapping [AbstractHandlerMethodMapping.java:543] - Mapped "{[/trace || /trace.json],methods=[GET],produces=[application/vnd.spring-boot.actuator.v1+json || application/json]}" onto public java.lang.Object org.springframework.boot.actuate.endpoint.mvc.EndpointMvcAdapter.invoke()
2018-05-28 10:24:38,128 [main] INFO  EndpointHandlerMapping [AbstractHandlerMethodMapping.java:543] - Mapped "{[/features || /features.json],methods=[GET],produces=[application/vnd.spring-boot.actuator.v1+json || application/json]}" onto public java.lang.Object org.springframework.boot.actuate.endpoint.mvc.EndpointMvcAdapter.invoke()
2018-05-28 10:24:38,130 [main] INFO  EndpointHandlerMapping [AbstractHandlerMethodMapping.java:543] - Mapped "{[/loggers/{name:.*}],methods=[GET],produces=[application/vnd.spring-boot.actuator.v1+json || application/json]}" onto public java.lang.Object org.springframework.boot.actuate.endpoint.mvc.LoggersMvcEndpoint.get(java.lang.String)
2018-05-28 10:24:38,130 [main] INFO  EndpointHandlerMapping [AbstractHandlerMethodMapping.java:543] - Mapped "{[/loggers/{name:.*}],methods=[POST],consumes=[application/vnd.spring-boot.actuator.v1+json || application/json],produces=[application/vnd.spring-boot.actuator.v1+json || application/json]}" onto public java.lang.Object org.springframework.boot.actuate.endpoint.mvc.LoggersMvcEndpoint.set(java.lang.String,java.util.Map<java.lang.String, java.lang.String>)
2018-05-28 10:24:38,131 [main] INFO  EndpointHandlerMapping [AbstractHandlerMethodMapping.java:543] - Mapped "{[/loggers || /loggers.json],methods=[GET],produces=[application/vnd.spring-boot.actuator.v1+json || application/json]}" onto public java.lang.Object org.springframework.boot.actuate.endpoint.mvc.EndpointMvcAdapter.invoke()
2018-05-28 10:24:38,132 [main] INFO  EndpointHandlerMapping [AbstractHandlerMethodMapping.java:543] - Mapped "{[/heapdump || /heapdump.json],methods=[GET],produces=[application/octet-stream]}" onto public void org.springframework.boot.actuate.endpoint.mvc.HeapdumpMvcEndpoint.invoke(boolean,javax.servlet.http.HttpServletRequest,javax.servlet.http.HttpServletResponse) throws java.io.IOException,javax.servlet.ServletException
2018-05-28 10:24:38,133 [main] INFO  EndpointHandlerMapping [AbstractHandlerMethodMapping.java:543] - Mapped "{[/autoconfig || /autoconfig.json],methods=[GET],produces=[application/vnd.spring-boot.actuator.v1+json || application/json]}" onto public java.lang.Object org.springframework.boot.actuate.endpoint.mvc.EndpointMvcAdapter.invoke()
2018-05-28 10:24:38,133 [main] INFO  EndpointHandlerMapping [AbstractHandlerMethodMapping.java:543] - Mapped "{[/health || /health.json],methods=[GET],produces=[application/vnd.spring-boot.actuator.v1+json || application/json]}" onto public java.lang.Object org.springframework.boot.actuate.endpoint.mvc.HealthMvcEndpoint.invoke(javax.servlet.http.HttpServletRequest,java.security.Principal)
2018-05-28 10:24:38,134 [main] INFO  EndpointHandlerMapping [AbstractHandlerMethodMapping.java:543] - Mapped "{[/mappings || /mappings.json],methods=[GET],produces=[application/vnd.spring-boot.actuator.v1+json || application/json]}" onto public java.lang.Object org.springframework.boot.actuate.endpoint.mvc.EndpointMvcAdapter.invoke()
2018-05-28 10:24:38,135 [main] INFO  EndpointHandlerMapping [AbstractHandlerMethodMapping.java:543] - Mapped "{[/auditevents || /auditevents.json],methods=[GET],produces=[application/vnd.spring-boot.actuator.v1+json || application/json]}" onto public org.springframework.http.ResponseEntity<?> org.springframework.boot.actuate.endpoint.mvc.AuditEventsMvcEndpoint.findByPrincipalAndAfterAndType(java.lang.String,java.util.Date,java.lang.String)
2018-05-28 10:24:38,136 [main] INFO  EndpointHandlerMapping [AbstractHandlerMethodMapping.java:543] - Mapped "{[/metrics/{name:.*}],methods=[GET],produces=[application/vnd.spring-boot.actuator.v1+json || application/json]}" onto public java.lang.Object org.springframework.boot.actuate.endpoint.mvc.MetricsMvcEndpoint.value(java.lang.String)
2018-05-28 10:24:38,136 [main] INFO  EndpointHandlerMapping [AbstractHandlerMethodMapping.java:543] - Mapped "{[/metrics || /metrics.json],methods=[GET],produces=[application/vnd.spring-boot.actuator.v1+json || application/json]}" onto public java.lang.Object org.springframework.boot.actuate.endpoint.mvc.EndpointMvcAdapter.invoke()
2018-05-28 10:24:38,136 [main] INFO  EndpointHandlerMapping [AbstractHandlerMethodMapping.java:543] - Mapped "{[/archaius || /archaius.json],methods=[GET],produces=[application/vnd.spring-boot.actuator.v1+json || application/json]}" onto public java.lang.Object org.springframework.boot.actuate.endpoint.mvc.EndpointMvcAdapter.invoke()
2018-05-28 10:24:38,137 [main] INFO  EndpointHandlerMapping [AbstractHandlerMethodMapping.java:543] - Mapped "{[/env],methods=[POST]}" onto public java.lang.Object org.springframework.cloud.context.environment.EnvironmentManagerMvcEndpoint.value(java.util.Map<java.lang.String, java.lang.String>)
2018-05-28 10:24:38,137 [main] INFO  EndpointHandlerMapping [AbstractHandlerMethodMapping.java:543] - Mapped "{[/env/reset],methods=[POST]}" onto public java.util.Map<java.lang.String, java.lang.Object> org.springframework.cloud.context.environment.EnvironmentManagerMvcEndpoint.reset()
2018-05-28 10:24:38,138 [main] INFO  EndpointHandlerMapping [AbstractHandlerMethodMapping.java:543] - Mapped "{[/configprops || /configprops.json],methods=[GET],produces=[application/vnd.spring-boot.actuator.v1+json || application/json]}" onto public java.lang.Object org.springframework.boot.actuate.endpoint.mvc.EndpointMvcAdapter.invoke()
2018-05-28 10:24:38,139 [main] INFO  EndpointHandlerMapping [AbstractHandlerMethodMapping.java:543] - Mapped "{[/service-registry/instance-status],methods=[GET]}" onto public org.springframework.http.ResponseEntity org.springframework.cloud.client.serviceregistry.endpoint.ServiceRegistryEndpoint.getStatus()
2018-05-28 10:24:38,139 [main] INFO  EndpointHandlerMapping [AbstractHandlerMethodMapping.java:543] - Mapped "{[/service-registry/instance-status],methods=[POST]}" onto public org.springframework.http.ResponseEntity<?> org.springframework.cloud.client.serviceregistry.endpoint.ServiceRegistryEndpoint.setStatus(java.lang.String)
2018-05-28 10:24:38,376 [main] WARN  EurekaStarterDeprecationWarningAutoConfiguration [EurekaStarterDeprecationWarningAutoConfiguration.java:19] - spring-cloud-starter-eureka is deprecated as of Spring Cloud Netflix 1.4.0, please migrate to spring-cloud-starter-netflix-eureka
2018-05-28 10:24:38,449 [main] INFO  AnnotationMBeanExporter [MBeanExporter.java:431] - Registering beans for JMX exposure on startup
2018-05-28 10:24:38,460 [main] INFO  AnnotationMBeanExporter [MBeanExporter.java:918] - Bean with name 'configurationPropertiesRebinder' has been autodetected for JMX exposure
2018-05-28 10:24:38,461 [main] INFO  AnnotationMBeanExporter [MBeanExporter.java:918] - Bean with name 'refreshEndpoint' has been autodetected for JMX exposure
2018-05-28 10:24:38,462 [main] INFO  AnnotationMBeanExporter [MBeanExporter.java:918] - Bean with name 'environmentManager' has been autodetected for JMX exposure
2018-05-28 10:24:38,462 [main] INFO  AnnotationMBeanExporter [MBeanExporter.java:918] - Bean with name 'serviceRegistryEndpoint' has been autodetected for JMX exposure
2018-05-28 10:24:38,464 [main] INFO  AnnotationMBeanExporter [MBeanExporter.java:918] - Bean with name 'refreshScope' has been autodetected for JMX exposure
2018-05-28 10:24:38,466 [main] INFO  AnnotationMBeanExporter [MBeanExporter.java:679] - Located managed bean 'environmentManager': registering with JMX server as MBean [org.springframework.cloud.context.environment:name=environmentManager,type=EnvironmentManager]
2018-05-28 10:24:38,479 [main] INFO  AnnotationMBeanExporter [MBeanExporter.java:679] - Located managed bean 'serviceRegistryEndpoint': registering with JMX server as MBean [org.springframework.cloud.client.serviceregistry.endpoint:name=serviceRegistryEndpoint,type=ServiceRegistryEndpoint]
2018-05-28 10:24:38,486 [main] INFO  AnnotationMBeanExporter [MBeanExporter.java:679] - Located managed bean 'refreshScope': registering with JMX server as MBean [org.springframework.cloud.context.scope.refresh:name=refreshScope,type=RefreshScope]
2018-05-28 10:24:38,497 [main] INFO  AnnotationMBeanExporter [MBeanExporter.java:679] - Located managed bean 'configurationPropertiesRebinder': registering with JMX server as MBean [org.springframework.cloud.context.properties:name=configurationPropertiesRebinder,context=7a791b66,type=ConfigurationPropertiesRebinder]
2018-05-28 10:24:38,503 [main] INFO  AnnotationMBeanExporter [MBeanExporter.java:679] - Located managed bean 'refreshEndpoint': registering with JMX server as MBean [org.springframework.cloud.endpoint:name=refreshEndpoint,type=RefreshEndpoint]
2018-05-28 10:24:38,507 [main] INFO  EndpointMBeanExporter [MBeanExporter.java:431] - Registering beans for JMX exposure on startup
2018-05-28 10:24:38,519 [main] INFO  DefaultLifecycleProcessor [DefaultLifecycleProcessor.java:341] - Starting beans in phase 0
2018-05-28 10:24:38,525 [main] INFO  InstanceInfoFactory [InstanceInfoFactory.java:71] - Setting initial instance status as: STARTING
2018-05-28 10:24:38,546 [main] INFO  DiscoveryClient [DiscoveryClient.java:347] - Initializing Eureka in region us-east-1
2018-05-28 10:24:39,035 [main] INFO  DiscoveryJerseyProvider [DiscoveryJerseyProvider.java:70] - Using JSON encoding codec LegacyJacksonJson
2018-05-28 10:24:39,035 [main] INFO  DiscoveryJerseyProvider [DiscoveryJerseyProvider.java:71] - Using JSON decoding codec LegacyJacksonJson
2018-05-28 10:24:39,138 [main] INFO  DiscoveryJerseyProvider [DiscoveryJerseyProvider.java:80] - Using XML encoding codec XStreamXml
2018-05-28 10:24:39,138 [main] INFO  DiscoveryJerseyProvider [DiscoveryJerseyProvider.java:81] - Using XML decoding codec XStreamXml
2018-05-28 10:24:39,274 [main] INFO  ConfigClusterResolver [ConfigClusterResolver.java:43] - Resolving eureka endpoints via configuration
2018-05-28 10:24:39,364 [main] INFO  DiscoveryClient [DiscoveryClient.java:934] - Disable delta property : false
2018-05-28 10:24:39,364 [main] INFO  DiscoveryClient [DiscoveryClient.java:935] - Single vip registry refresh property : null
2018-05-28 10:24:39,364 [main] INFO  DiscoveryClient [DiscoveryClient.java:936] - Force full registry fetch : false
2018-05-28 10:24:39,365 [main] INFO  DiscoveryClient [DiscoveryClient.java:937] - Application is null : false
2018-05-28 10:24:39,365 [main] INFO  DiscoveryClient [DiscoveryClient.java:938] - Registered Applications size is zero : true
2018-05-28 10:24:39,365 [main] INFO  DiscoveryClient [DiscoveryClient.java:940] - Application version is -1: true
2018-05-28 10:24:39,366 [main] INFO  DiscoveryClient [DiscoveryClient.java:1023] - Getting all instance registry info from the eureka server
2018-05-28 10:24:39,512 [main] INFO  DiscoveryClient [DiscoveryClient.java:1032] - The response status is 200
2018-05-28 10:24:39,514 [main] INFO  DiscoveryClient [DiscoveryClient.java:1258] - Starting heartbeat executor: renew interval is: 30
2018-05-28 10:24:39,516 [main] INFO  InstanceInfoReplicator [InstanceInfoReplicator.java:59] - InstanceInfoReplicator onDemand update allowed rate per min is 4
2018-05-28 10:24:39,520 [main] INFO  DiscoveryClient [DiscoveryClient.java:434] - Discovery Client initialized at timestamp 1527474279519 with initial instances count: 3
2018-05-28 10:24:39,525 [main] INFO  EurekaServiceRegistry [EurekaServiceRegistry.java:40] - Registering application step-config-server with eureka with status UP
2018-05-28 10:24:39,526 [main] INFO  DiscoveryClient [DiscoveryClient.java:1293] - Saw local status change event StatusChangeEvent [timestamp=1527474279526, current=UP, previous=STARTING]
2018-05-28 10:24:39,528 [DiscoveryClient-InstanceInfoReplicator-0] INFO  DiscoveryClient [DiscoveryClient.java:804] - DiscoveryClient_STEP-CONFIG-SERVER/10.0.30.80:step-config-server:10200: registering service...
2018-05-28 10:24:39,533 [main] INFO  EndpointMBeanExporter [MBeanExporter.java:679] - Located managed bean 'auditEventsEndpoint': registering with JMX server as MBean [org.springframework.boot:type=Endpoint,name=auditEventsEndpoint]
2018-05-28 10:24:39,539 [main] INFO  EndpointMBeanExporter [MBeanExporter.java:679] - Located managed bean 'archaiusEndpoint': registering with JMX server as MBean [org.springframework.boot:type=Endpoint,name=archaiusEndpoint]
2018-05-28 10:24:39,549 [main] INFO  EndpointMBeanExporter [MBeanExporter.java:679] - Located managed bean 'featuresEndpoint': registering with JMX server as MBean [org.springframework.boot:type=Endpoint,name=featuresEndpoint]
2018-05-28 10:24:39,552 [main] INFO  EndpointMBeanExporter [MBeanExporter.java:679] - Located managed bean 'requestMappingEndpoint': registering with JMX server as MBean [org.springframework.boot:type=Endpoint,name=requestMappingEndpoint]
2018-05-28 10:24:39,555 [main] INFO  EndpointMBeanExporter [MBeanExporter.java:679] - Located managed bean 'environmentEndpoint': registering with JMX server as MBean [org.springframework.boot:type=Endpoint,name=environmentEndpoint]
2018-05-28 10:24:39,558 [main] INFO  EndpointMBeanExporter [MBeanExporter.java:679] - Located managed bean 'healthEndpoint': registering with JMX server as MBean [org.springframework.boot:type=Endpoint,name=healthEndpoint]
2018-05-28 10:24:39,561 [main] INFO  EndpointMBeanExporter [MBeanExporter.java:679] - Located managed bean 'beansEndpoint': registering with JMX server as MBean [org.springframework.boot:type=Endpoint,name=beansEndpoint]
2018-05-28 10:24:39,563 [main] INFO  EndpointMBeanExporter [MBeanExporter.java:679] - Located managed bean 'infoEndpoint': registering with JMX server as MBean [org.springframework.boot:type=Endpoint,name=infoEndpoint]
2018-05-28 10:24:39,565 [DiscoveryClient-InstanceInfoReplicator-0] INFO  DiscoveryClient [DiscoveryClient.java:813] - DiscoveryClient_STEP-CONFIG-SERVER/10.0.30.80:step-config-server:10200 - registration status: 204
2018-05-28 10:24:39,567 [main] INFO  EndpointMBeanExporter [MBeanExporter.java:679] - Located managed bean 'loggersEndpoint': registering with JMX server as MBean [org.springframework.boot:type=Endpoint,name=loggersEndpoint]
2018-05-28 10:24:39,572 [main] INFO  EndpointMBeanExporter [MBeanExporter.java:679] - Located managed bean 'metricsEndpoint': registering with JMX server as MBean [org.springframework.boot:type=Endpoint,name=metricsEndpoint]
2018-05-28 10:24:39,574 [main] INFO  EndpointMBeanExporter [MBeanExporter.java:679] - Located managed bean 'traceEndpoint': registering with JMX server as MBean [org.springframework.boot:type=Endpoint,name=traceEndpoint]
2018-05-28 10:24:39,576 [main] INFO  EndpointMBeanExporter [MBeanExporter.java:679] - Located managed bean 'dumpEndpoint': registering with JMX server as MBean [org.springframework.boot:type=Endpoint,name=dumpEndpoint]
2018-05-28 10:24:39,578 [main] INFO  EndpointMBeanExporter [MBeanExporter.java:679] - Located managed bean 'autoConfigurationReportEndpoint': registering with JMX server as MBean [org.springframework.boot:type=Endpoint,name=autoConfigurationReportEndpoint]
2018-05-28 10:24:39,580 [main] INFO  EndpointMBeanExporter [MBeanExporter.java:679] - Located managed bean 'configurationPropertiesReportEndpoint': registering with JMX server as MBean [org.springframework.boot:type=Endpoint,name=configurationPropertiesReportEndpoint]
2018-05-28 10:24:39,599 [main] INFO  Http11NioProtocol [DirectJDKLog.java:180] - Starting ProtocolHandler ["http-nio-10200"]
2018-05-28 10:24:39,612 [main] INFO  NioSelectorPool [DirectJDKLog.java:180] - Using a shared selector for servlet write/read
2018-05-28 10:24:39,627 [main] INFO  TomcatEmbeddedServletContainer [TomcatEmbeddedServletContainer.java:216] - Tomcat started on port(s): 10200 (http)
2018-05-28 10:24:39,628 [main] INFO  EurekaAutoServiceRegistration [EurekaAutoServiceRegistration.java:124] - Updating port to 10200
2018-05-28 10:24:39,632 [main] INFO  StepConfigServerApplication [StartupInfoLogger.java:57] - Started StepConfigServerApplication in 5.668 seconds (JVM running for 6.467)
2018-05-28 10:26:22,707 [RMI TCP Connection(8)-127.0.0.1] INFO  SpringApplicationAdminMXBeanRegistrar$SpringApplicationAdmin [SpringApplicationAdminMXBeanRegistrar.java:125] - Application shutdown requested.
2018-05-28 10:26:22,707 [RMI TCP Connection(8)-127.0.0.1] INFO  AnnotationConfigEmbeddedWebApplicationContext [AbstractApplicationContext.java:984] - Closing org.springframework.boot.context.embedded.AnnotationConfigEmbeddedWebApplicationContext@7a791b66: startup date [Mon May 28 10:24:35 CST 2018]; parent: org.springframework.context.annotation.AnnotationConfigApplicationContext@b3ca52e
2018-05-28 10:26:22,708 [RMI TCP Connection(8)-127.0.0.1] INFO  EurekaServiceRegistry [EurekaServiceRegistry.java:64] - Unregistering application step-config-server with eureka with status DOWN
2018-05-28 10:26:22,708 [RMI TCP Connection(8)-127.0.0.1] WARN  DiscoveryClient [DiscoveryClient.java:1291] - Saw local status change event StatusChangeEvent [timestamp=1527474382708, current=DOWN, previous=UP]
2018-05-28 10:26:22,709 [DiscoveryClient-InstanceInfoReplicator-0] INFO  DiscoveryClient [DiscoveryClient.java:804] - DiscoveryClient_STEP-CONFIG-SERVER/10.0.30.80:step-config-server:10200: registering service...
2018-05-28 10:26:22,710 [RMI TCP Connection(8)-127.0.0.1] INFO  DefaultLifecycleProcessor [DefaultLifecycleProcessor.java:356] - Stopping beans in phase 0
2018-05-28 10:26:22,713 [RMI TCP Connection(8)-127.0.0.1] INFO  EndpointMBeanExporter [MBeanExporter.java:449] - Unregistering JMX-exposed beans on shutdown
2018-05-28 10:26:22,713 [RMI TCP Connection(8)-127.0.0.1] INFO  EndpointMBeanExporter [MBeanRegistrationSupport.java:241] - Unregistering JMX-exposed beans
2018-05-28 10:26:22,714 [RMI TCP Connection(8)-127.0.0.1] INFO  AnnotationMBeanExporter [MBeanExporter.java:449] - Unregistering JMX-exposed beans on shutdown
2018-05-28 10:26:22,714 [RMI TCP Connection(8)-127.0.0.1] INFO  AnnotationMBeanExporter [MBeanRegistrationSupport.java:241] - Unregistering JMX-exposed beans
2018-05-28 10:26:22,716 [RMI TCP Connection(8)-127.0.0.1] INFO  DiscoveryClient [DiscoveryClient.java:866] - Shutting down DiscoveryClient ...
2018-05-28 10:26:22,716 [RMI TCP Connection(8)-127.0.0.1] INFO  DiscoveryClient [DiscoveryClient.java:898] - Unregistering ...
2018-05-28 10:26:22,719 [DiscoveryClient-InstanceInfoReplicator-0] INFO  DiscoveryClient [DiscoveryClient.java:813] - DiscoveryClient_STEP-CONFIG-SERVER/10.0.30.80:step-config-server:10200 - registration status: 204
2018-05-28 10:26:22,722 [RMI TCP Connection(8)-127.0.0.1] INFO  DiscoveryClient [DiscoveryClient.java:900] - DiscoveryClient_STEP-CONFIG-SERVER/10.0.30.80:step-config-server:10200 - deregister  status: 200
2018-05-28 10:26:22,724 [RMI TCP Connection(8)-127.0.0.1] INFO  DiscoveryClient [DiscoveryClient.java:887] - Completed shut down of DiscoveryClient
2018-05-28 10:26:22,727 [RMI TCP Connection(8)-127.0.0.1] INFO  Http11NioProtocol [DirectJDKLog.java:180] - Pausing ProtocolHandler ["http-nio-10200"]
2018-05-28 10:26:22,827 [RMI TCP Connection(8)-127.0.0.1] INFO  StandardService [DirectJDKLog.java:180] - Stopping service [Tomcat]
2018-05-28 10:26:22,832 [RMI TCP Connection(8)-127.0.0.1] INFO  Http11NioProtocol [DirectJDKLog.java:180] - Stopping ProtocolHandler ["http-nio-10200"]
2018-05-28 10:26:22,836 [RMI TCP Connection(8)-127.0.0.1] INFO  Http11NioProtocol [DirectJDKLog.java:180] - Destroying ProtocolHandler ["http-nio-10200"]
2018-05-28 10:26:34,462 [main] INFO  AnnotationConfigApplicationContext [AbstractApplicationContext.java:583] - Refreshing org.springframework.context.annotation.AnnotationConfigApplicationContext@752325ad: startup date [Mon May 28 10:26:34 CST 2018]; root of context hierarchy
2018-05-28 10:26:34,585 [background-preinit] INFO  Version [Version.java:30] - HV000001: Hibernate Validator 5.3.6.Final
2018-05-28 10:26:34,697 [main] INFO  AutowiredAnnotationBeanPostProcessor [AutowiredAnnotationBeanPostProcessor.java:155] - JSR-330 'javax.inject.Inject' annotation found and supported for autowiring
2018-05-28 10:26:34,727 [main] INFO  PostProcessorRegistrationDelegate$BeanPostProcessorChecker [PostProcessorRegistrationDelegate.java:327] - Bean 'configurationPropertiesRebinderAutoConfiguration' of type [org.springframework.cloud.autoconfigure.ConfigurationPropertiesRebinderAutoConfiguration$$EnhancerBySpringCGLIB$$4bac856c] is not eligible for getting processed by all BeanPostProcessors (for example: not eligible for auto-proxying)
2018-05-28 10:26:35,221 [main] INFO  StepConfigServerApplication [SpringApplication.java:597] - The following profiles are active: native
2018-05-28 10:26:35,232 [main] INFO  AnnotationConfigEmbeddedWebApplicationContext [AbstractApplicationContext.java:583] - Refreshing org.springframework.boot.context.embedded.AnnotationConfigEmbeddedWebApplicationContext@4cc6fa2a: startup date [Mon May 28 10:26:35 CST 2018]; parent: org.springframework.context.annotation.AnnotationConfigApplicationContext@752325ad
2018-05-28 10:26:35,897 [main] INFO  GenericScope [GenericScope.java:288] - BeanFactory id=0d9897e1-1436-3956-b097-2ce3a8408d2a
2018-05-28 10:26:35,916 [main] INFO  AutowiredAnnotationBeanPostProcessor [AutowiredAnnotationBeanPostProcessor.java:155] - JSR-330 'javax.inject.Inject' annotation found and supported for autowiring
2018-05-28 10:26:35,958 [main] INFO  PostProcessorRegistrationDelegate$BeanPostProcessorChecker [PostProcessorRegistrationDelegate.java:327] - Bean 'org.springframework.cloud.netflix.metrics.MetricsInterceptorConfiguration$MetricsRestTemplateConfiguration' of type [org.springframework.cloud.netflix.metrics.MetricsInterceptorConfiguration$MetricsRestTemplateConfiguration$$EnhancerBySpringCGLIB$$61bf28b0] is not eligible for getting processed by all BeanPostProcessors (for example: not eligible for auto-proxying)
2018-05-28 10:26:35,971 [main] INFO  PostProcessorRegistrationDelegate$BeanPostProcessorChecker [PostProcessorRegistrationDelegate.java:327] - Bean 'org.springframework.cloud.autoconfigure.ConfigurationPropertiesRebinderAutoConfiguration' of type [org.springframework.cloud.autoconfigure.ConfigurationPropertiesRebinderAutoConfiguration$$EnhancerBySpringCGLIB$$4bac856c] is not eligible for getting processed by all BeanPostProcessors (for example: not eligible for auto-proxying)
2018-05-28 10:26:36,192 [main] INFO  TomcatEmbeddedServletContainer [TomcatEmbeddedServletContainer.java:92] - Tomcat initialized with port(s): 10200 (http)
2018-05-28 10:26:36,202 [main] INFO  Http11NioProtocol [DirectJDKLog.java:180] - Initializing ProtocolHandler ["http-nio-10200"]
2018-05-28 10:26:36,210 [main] INFO  StandardService [DirectJDKLog.java:180] - Starting service [Tomcat]
2018-05-28 10:26:36,211 [main] INFO  StandardEngine [DirectJDKLog.java:180] - Starting Servlet Engine: Apache Tomcat/8.5.31
2018-05-28 10:26:36,306 [localhost-startStop-1] INFO  [/] [DirectJDKLog.java:180] - Initializing Spring embedded WebApplicationContext
2018-05-28 10:26:36,306 [localhost-startStop-1] INFO  ContextLoader [EmbeddedWebApplicationContext.java:276] - Root WebApplicationContext: initialization completed in 1074 ms
2018-05-28 10:26:36,478 [localhost-startStop-1] INFO  ServletRegistrationBean [ServletRegistrationBean.java:190] - Mapping servlet: 'dispatcherServlet' to [/]
2018-05-28 10:26:36,482 [localhost-startStop-1] INFO  FilterRegistrationBean [AbstractFilterRegistrationBean.java:258] - Mapping filter: 'metricsFilter' to: [/*]
2018-05-28 10:26:36,482 [localhost-startStop-1] INFO  FilterRegistrationBean [AbstractFilterRegistrationBean.java:258] - Mapping filter: 'characterEncodingFilter' to: [/*]
2018-05-28 10:26:36,483 [localhost-startStop-1] INFO  FilterRegistrationBean [AbstractFilterRegistrationBean.java:258] - Mapping filter: 'hiddenHttpMethodFilter' to: [/*]
2018-05-28 10:26:36,483 [localhost-startStop-1] INFO  FilterRegistrationBean [AbstractFilterRegistrationBean.java:258] - Mapping filter: 'httpPutFormContentFilter' to: [/*]
2018-05-28 10:26:36,483 [localhost-startStop-1] INFO  FilterRegistrationBean [AbstractFilterRegistrationBean.java:258] - Mapping filter: 'requestContextFilter' to: [/*]
2018-05-28 10:26:36,483 [localhost-startStop-1] INFO  FilterRegistrationBean [AbstractFilterRegistrationBean.java:258] - Mapping filter: 'webRequestLoggingFilter' to: [/*]
2018-05-28 10:26:36,483 [localhost-startStop-1] INFO  FilterRegistrationBean [AbstractFilterRegistrationBean.java:258] - Mapping filter: 'applicationContextIdFilter' to: [/*]
2018-05-28 10:26:36,651 [main] WARN  URLConfigurationSource [URLConfigurationSource.java:121] - No URLs will be polled as dynamic configuration sources.
2018-05-28 10:26:36,652 [main] INFO  URLConfigurationSource [URLConfigurationSource.java:122] - To enable URLs as dynamic configuration sources, define System property archaius.configurationSource.additionalUrls or make config.properties available on classpath.
2018-05-28 10:26:36,658 [main] WARN  URLConfigurationSource [URLConfigurationSource.java:121] - No URLs will be polled as dynamic configuration sources.
2018-05-28 10:26:36,659 [main] INFO  URLConfigurationSource [URLConfigurationSource.java:122] - To enable URLs as dynamic configuration sources, define System property archaius.configurationSource.additionalUrls or make config.properties available on classpath.
2018-05-28 10:26:36,880 [main] INFO  RequestMappingHandlerAdapter [RequestMappingHandlerAdapter.java:534] - Looking for @ControllerAdvice: org.springframework.boot.context.embedded.AnnotationConfigEmbeddedWebApplicationContext@4cc6fa2a: startup date [Mon May 28 10:26:35 CST 2018]; parent: org.springframework.context.annotation.AnnotationConfigApplicationContext@752325ad
2018-05-28 10:26:36,944 [main] INFO  RequestMappingHandlerMapping [AbstractHandlerMethodMapping.java:543] - Mapped "{[/error]}" onto public org.springframework.http.ResponseEntity<java.util.Map<java.lang.String, java.lang.Object>> org.springframework.boot.autoconfigure.web.BasicErrorController.error(javax.servlet.http.HttpServletRequest)
2018-05-28 10:26:36,945 [main] INFO  RequestMappingHandlerMapping [AbstractHandlerMethodMapping.java:543] - Mapped "{[/error],produces=[text/html]}" onto public org.springframework.web.servlet.ModelAndView org.springframework.boot.autoconfigure.web.BasicErrorController.errorHtml(javax.servlet.http.HttpServletRequest,javax.servlet.http.HttpServletResponse)
2018-05-28 10:26:36,955 [main] INFO  RequestMappingHandlerMapping [AbstractHandlerMethodMapping.java:543] - Mapped "{[/encrypt],methods=[POST]}" onto public java.lang.String org.springframework.cloud.config.server.encryption.EncryptionController.encrypt(java.lang.String,org.springframework.http.MediaType)
2018-05-28 10:26:36,956 [main] INFO  RequestMappingHandlerMapping [AbstractHandlerMethodMapping.java:543] - Mapped "{[/encrypt/{name}/{profiles}],methods=[POST]}" onto public java.lang.String org.springframework.cloud.config.server.encryption.EncryptionController.encrypt(java.lang.String,java.lang.String,java.lang.String,org.springframework.http.MediaType)
2018-05-28 10:26:36,956 [main] INFO  RequestMappingHandlerMapping [AbstractHandlerMethodMapping.java:543] - Mapped "{[/decrypt/{name}/{profiles}],methods=[POST]}" onto public java.lang.String org.springframework.cloud.config.server.encryption.EncryptionController.decrypt(java.lang.String,java.lang.String,java.lang.String,org.springframework.http.MediaType)
2018-05-28 10:26:36,957 [main] INFO  RequestMappingHandlerMapping [AbstractHandlerMethodMapping.java:543] - Mapped "{[/decrypt],methods=[POST]}" onto public java.lang.String org.springframework.cloud.config.server.encryption.EncryptionController.decrypt(java.lang.String,org.springframework.http.MediaType)
2018-05-28 10:26:36,957 [main] INFO  RequestMappingHandlerMapping [AbstractHandlerMethodMapping.java:543] - Mapped "{[/encrypt/status],methods=[GET]}" onto public java.util.Map<java.lang.String, java.lang.Object> org.springframework.cloud.config.server.encryption.EncryptionController.status()
2018-05-28 10:26:36,958 [main] INFO  RequestMappingHandlerMapping [AbstractHandlerMethodMapping.java:543] - Mapped "{[/key],methods=[GET]}" onto public java.lang.String org.springframework.cloud.config.server.encryption.EncryptionController.getPublicKey()
2018-05-28 10:26:36,958 [main] INFO  RequestMappingHandlerMapping [AbstractHandlerMethodMapping.java:543] - Mapped "{[/key/{name}/{profiles}],methods=[GET]}" onto public java.lang.String org.springframework.cloud.config.server.encryption.EncryptionController.getPublicKey(java.lang.String,java.lang.String)
2018-05-28 10:26:36,966 [main] INFO  RequestMappingHandlerMapping [AbstractHandlerMethodMapping.java:543] - Mapped "{[/{name}-{profiles}.properties],methods=[GET]}" onto public org.springframework.http.ResponseEntity<java.lang.String> org.springframework.cloud.config.server.environment.EnvironmentController.properties(java.lang.String,java.lang.String,boolean) throws java.io.IOException
2018-05-28 10:26:36,966 [main] INFO  RequestMappingHandlerMapping [AbstractHandlerMethodMapping.java:543] - Mapped "{[/{name}-{profiles}.yml || /{name}-{profiles}.yaml],methods=[GET]}" onto public org.springframework.http.ResponseEntity<java.lang.String> org.springframework.cloud.config.server.environment.EnvironmentController.yaml(java.lang.String,java.lang.String,boolean) throws java.lang.Exception
2018-05-28 10:26:36,967 [main] INFO  RequestMappingHandlerMapping [AbstractHandlerMethodMapping.java:543] - Mapped "{[/{name}/{profiles:.*[^-].*}],methods=[GET]}" onto public org.springframework.cloud.config.environment.Environment org.springframework.cloud.config.server.environment.EnvironmentController.defaultLabel(java.lang.String,java.lang.String)
2018-05-28 10:26:36,967 [main] INFO  RequestMappingHandlerMapping [AbstractHandlerMethodMapping.java:543] - Mapped "{[/{name}/{profiles}/{label:.*}],methods=[GET]}" onto public org.springframework.cloud.config.environment.Environment org.springframework.cloud.config.server.environment.EnvironmentController.labelled(java.lang.String,java.lang.String,java.lang.String)
2018-05-28 10:26:36,967 [main] INFO  RequestMappingHandlerMapping [AbstractHandlerMethodMapping.java:543] - Mapped "{[/{label}/{name}-{profiles}.yml || /{label}/{name}-{profiles}.yaml],methods=[GET]}" onto public org.springframework.http.ResponseEntity<java.lang.String> org.springframework.cloud.config.server.environment.EnvironmentController.labelledYaml(java.lang.String,java.lang.String,java.lang.String,boolean) throws java.lang.Exception
2018-05-28 10:26:36,968 [main] INFO  RequestMappingHandlerMapping [AbstractHandlerMethodMapping.java:543] - Mapped "{[/{name}-{profiles}.json],methods=[GET]}" onto public org.springframework.http.ResponseEntity<java.lang.String> org.springframework.cloud.config.server.environment.EnvironmentController.jsonProperties(java.lang.String,java.lang.String,boolean) throws java.lang.Exception
2018-05-28 10:26:36,968 [main] INFO  RequestMappingHandlerMapping [AbstractHandlerMethodMapping.java:543] - Mapped "{[/{label}/{name}-{profiles}.properties],methods=[GET]}" onto public org.springframework.http.ResponseEntity<java.lang.String> org.springframework.cloud.config.server.environment.EnvironmentController.labelledProperties(java.lang.String,java.lang.String,java.lang.String,boolean) throws java.io.IOException
2018-05-28 10:26:36,968 [main] INFO  RequestMappingHandlerMapping [AbstractHandlerMethodMapping.java:543] - Mapped "{[/{label}/{name}-{profiles}.json],methods=[GET]}" onto public org.springframework.http.ResponseEntity<java.lang.String> org.springframework.cloud.config.server.environment.EnvironmentController.labelledJsonProperties(java.lang.String,java.lang.String,java.lang.String,boolean) throws java.lang.Exception
2018-05-28 10:26:36,971 [main] INFO  RequestMappingHandlerMapping [AbstractHandlerMethodMapping.java:543] - Mapped "{[/{name}/{profile}/**],methods=[GET],params=[useDefaultLabel]}" onto public java.lang.String org.springframework.cloud.config.server.resource.ResourceController.retrieve(java.lang.String,java.lang.String,javax.servlet.http.HttpServletRequest,boolean) throws java.io.IOException
2018-05-28 10:26:36,971 [main] INFO  RequestMappingHandlerMapping [AbstractHandlerMethodMapping.java:543] - Mapped "{[/{name}/{profile}/{label}/**],methods=[GET]}" onto public java.lang.String org.springframework.cloud.config.server.resource.ResourceController.retrieve(java.lang.String,java.lang.String,java.lang.String,javax.servlet.http.HttpServletRequest,boolean) throws java.io.IOException
2018-05-28 10:26:36,972 [main] INFO  RequestMappingHandlerMapping [AbstractHandlerMethodMapping.java:543] - Mapped "{[/{name}/{profile}/{label}/**],methods=[GET],produces=[application/octet-stream]}" onto public synchronized byte[] org.springframework.cloud.config.server.resource.ResourceController.binary(java.lang.String,java.lang.String,java.lang.String,javax.servlet.http.HttpServletRequest) throws java.io.IOException
2018-05-28 10:26:36,996 [main] INFO  SimpleUrlHandlerMapping [AbstractUrlHandlerMapping.java:362] - Mapped URL path [/webjars/**] onto handler of type [class org.springframework.web.servlet.resource.ResourceHttpRequestHandler]
2018-05-28 10:26:36,997 [main] INFO  SimpleUrlHandlerMapping [AbstractUrlHandlerMapping.java:362] - Mapped URL path [/**] onto handler of type [class org.springframework.web.servlet.resource.ResourceHttpRequestHandler]
2018-05-28 10:26:37,046 [main] INFO  SimpleUrlHandlerMapping [AbstractUrlHandlerMapping.java:362] - Mapped URL path [/**/favicon.ico] onto handler of type [class org.springframework.web.servlet.resource.ResourceHttpRequestHandler]
2018-05-28 10:26:38,060 [main] INFO  EndpointHandlerMapping [AbstractHandlerMethodMapping.java:543] - Mapped "{[/auditevents || /auditevents.json],methods=[GET],produces=[application/vnd.spring-boot.actuator.v1+json || application/json]}" onto public org.springframework.http.ResponseEntity<?> org.springframework.boot.actuate.endpoint.mvc.AuditEventsMvcEndpoint.findByPrincipalAndAfterAndType(java.lang.String,java.util.Date,java.lang.String)
2018-05-28 10:26:38,061 [main] INFO  EndpointHandlerMapping [AbstractHandlerMethodMapping.java:543] - Mapped "{[/refresh || /refresh.json],methods=[POST]}" onto public java.lang.Object org.springframework.cloud.endpoint.GenericPostableMvcEndpoint.invoke()
2018-05-28 10:26:38,062 [main] INFO  EndpointHandlerMapping [AbstractHandlerMethodMapping.java:543] - Mapped "{[/loggers/{name:.*}],methods=[GET],produces=[application/vnd.spring-boot.actuator.v1+json || application/json]}" onto public java.lang.Object org.springframework.boot.actuate.endpoint.mvc.LoggersMvcEndpoint.get(java.lang.String)
2018-05-28 10:26:38,063 [main] INFO  EndpointHandlerMapping [AbstractHandlerMethodMapping.java:543] - Mapped "{[/loggers/{name:.*}],methods=[POST],consumes=[application/vnd.spring-boot.actuator.v1+json || application/json],produces=[application/vnd.spring-boot.actuator.v1+json || application/json]}" onto public java.lang.Object org.springframework.boot.actuate.endpoint.mvc.LoggersMvcEndpoint.set(java.lang.String,java.util.Map<java.lang.String, java.lang.String>)
2018-05-28 10:26:38,063 [main] INFO  EndpointHandlerMapping [AbstractHandlerMethodMapping.java:543] - Mapped "{[/loggers || /loggers.json],methods=[GET],produces=[application/vnd.spring-boot.actuator.v1+json || application/json]}" onto public java.lang.Object org.springframework.boot.actuate.endpoint.mvc.EndpointMvcAdapter.invoke()
2018-05-28 10:26:38,064 [main] INFO  EndpointHandlerMapping [AbstractHandlerMethodMapping.java:543] - Mapped "{[/trace || /trace.json],methods=[GET],produces=[application/vnd.spring-boot.actuator.v1+json || application/json]}" onto public java.lang.Object org.springframework.boot.actuate.endpoint.mvc.EndpointMvcAdapter.invoke()
2018-05-28 10:26:38,065 [main] INFO  EndpointHandlerMapping [AbstractHandlerMethodMapping.java:543] - Mapped "{[/env/{name:.*}],methods=[GET],produces=[application/vnd.spring-boot.actuator.v1+json || application/json]}" onto public java.lang.Object org.springframework.boot.actuate.endpoint.mvc.EnvironmentMvcEndpoint.value(java.lang.String)
2018-05-28 10:26:38,065 [main] INFO  EndpointHandlerMapping [AbstractHandlerMethodMapping.java:543] - Mapped "{[/env || /env.json],methods=[GET],produces=[application/vnd.spring-boot.actuator.v1+json || application/json]}" onto public java.lang.Object org.springframework.boot.actuate.endpoint.mvc.EndpointMvcAdapter.invoke()
2018-05-28 10:26:38,066 [main] INFO  EndpointHandlerMapping [AbstractHandlerMethodMapping.java:543] - Mapped "{[/dump || /dump.json],methods=[GET],produces=[application/vnd.spring-boot.actuator.v1+json || application/json]}" onto public java.lang.Object org.springframework.boot.actuate.endpoint.mvc.EndpointMvcAdapter.invoke()
2018-05-28 10:26:38,067 [main] INFO  EndpointHandlerMapping [AbstractHandlerMethodMapping.java:543] - Mapped "{[/configprops || /configprops.json],methods=[GET],produces=[application/vnd.spring-boot.actuator.v1+json || application/json]}" onto public java.lang.Object org.springframework.boot.actuate.endpoint.mvc.EndpointMvcAdapter.invoke()
2018-05-28 10:26:38,067 [main] INFO  EndpointHandlerMapping [AbstractHandlerMethodMapping.java:543] - Mapped "{[/autoconfig || /autoconfig.json],methods=[GET],produces=[application/vnd.spring-boot.actuator.v1+json || application/json]}" onto public java.lang.Object org.springframework.boot.actuate.endpoint.mvc.EndpointMvcAdapter.invoke()
2018-05-28 10:26:38,068 [main] INFO  EndpointHandlerMapping [AbstractHandlerMethodMapping.java:543] - Mapped "{[/service-registry/instance-status],methods=[GET]}" onto public org.springframework.http.ResponseEntity org.springframework.cloud.client.serviceregistry.endpoint.ServiceRegistryEndpoint.getStatus()
2018-05-28 10:26:38,069 [main] INFO  EndpointHandlerMapping [AbstractHandlerMethodMapping.java:543] - Mapped "{[/service-registry/instance-status],methods=[POST]}" onto public org.springframework.http.ResponseEntity<?> org.springframework.cloud.client.serviceregistry.endpoint.ServiceRegistryEndpoint.setStatus(java.lang.String)
2018-05-28 10:26:38,070 [main] INFO  EndpointHandlerMapping [AbstractHandlerMethodMapping.java:543] - Mapped "{[/beans || /beans.json],methods=[GET],produces=[application/vnd.spring-boot.actuator.v1+json || application/json]}" onto public java.lang.Object org.springframework.boot.actuate.endpoint.mvc.EndpointMvcAdapter.invoke()
2018-05-28 10:26:38,071 [main] INFO  EndpointHandlerMapping [AbstractHandlerMethodMapping.java:543] - Mapped "{[/health || /health.json],methods=[GET],produces=[application/vnd.spring-boot.actuator.v1+json || application/json]}" onto public java.lang.Object org.springframework.boot.actuate.endpoint.mvc.HealthMvcEndpoint.invoke(javax.servlet.http.HttpServletRequest,java.security.Principal)
2018-05-28 10:26:38,071 [main] INFO  EndpointHandlerMapping [AbstractHandlerMethodMapping.java:543] - Mapped "{[/metrics/{name:.*}],methods=[GET],produces=[application/vnd.spring-boot.actuator.v1+json || application/json]}" onto public java.lang.Object org.springframework.boot.actuate.endpoint.mvc.MetricsMvcEndpoint.value(java.lang.String)
2018-05-28 10:26:38,072 [main] INFO  EndpointHandlerMapping [AbstractHandlerMethodMapping.java:543] - Mapped "{[/metrics || /metrics.json],methods=[GET],produces=[application/vnd.spring-boot.actuator.v1+json || application/json]}" onto public java.lang.Object org.springframework.boot.actuate.endpoint.mvc.EndpointMvcAdapter.invoke()
2018-05-28 10:26:38,072 [main] INFO  EndpointHandlerMapping [AbstractHandlerMethodMapping.java:543] - Mapped "{[/heapdump || /heapdump.json],methods=[GET],produces=[application/octet-stream]}" onto public void org.springframework.boot.actuate.endpoint.mvc.HeapdumpMvcEndpoint.invoke(boolean,javax.servlet.http.HttpServletRequest,javax.servlet.http.HttpServletResponse) throws java.io.IOException,javax.servlet.ServletException
2018-05-28 10:26:38,073 [main] INFO  EndpointHandlerMapping [AbstractHandlerMethodMapping.java:543] - Mapped "{[/env],methods=[POST]}" onto public java.lang.Object org.springframework.cloud.context.environment.EnvironmentManagerMvcEndpoint.value(java.util.Map<java.lang.String, java.lang.String>)
2018-05-28 10:26:38,074 [main] INFO  EndpointHandlerMapping [AbstractHandlerMethodMapping.java:543] - Mapped "{[/env/reset],methods=[POST]}" onto public java.util.Map<java.lang.String, java.lang.Object> org.springframework.cloud.context.environment.EnvironmentManagerMvcEndpoint.reset()
2018-05-28 10:26:38,074 [main] INFO  EndpointHandlerMapping [AbstractHandlerMethodMapping.java:543] - Mapped "{[/info || /info.json],methods=[GET],produces=[application/vnd.spring-boot.actuator.v1+json || application/json]}" onto public java.lang.Object org.springframework.boot.actuate.endpoint.mvc.EndpointMvcAdapter.invoke()
2018-05-28 10:26:38,075 [main] INFO  EndpointHandlerMapping [AbstractHandlerMethodMapping.java:543] - Mapped "{[/mappings || /mappings.json],methods=[GET],produces=[application/vnd.spring-boot.actuator.v1+json || application/json]}" onto public java.lang.Object org.springframework.boot.actuate.endpoint.mvc.EndpointMvcAdapter.invoke()
2018-05-28 10:26:38,076 [main] INFO  EndpointHandlerMapping [AbstractHandlerMethodMapping.java:543] - Mapped "{[/archaius || /archaius.json],methods=[GET],produces=[application/vnd.spring-boot.actuator.v1+json || application/json]}" onto public java.lang.Object org.springframework.boot.actuate.endpoint.mvc.EndpointMvcAdapter.invoke()
2018-05-28 10:26:38,077 [main] INFO  EndpointHandlerMapping [AbstractHandlerMethodMapping.java:543] - Mapped "{[/features || /features.json],methods=[GET],produces=[application/vnd.spring-boot.actuator.v1+json || application/json]}" onto public java.lang.Object org.springframework.boot.actuate.endpoint.mvc.EndpointMvcAdapter.invoke()
2018-05-28 10:26:38,293 [main] WARN  EurekaStarterDeprecationWarningAutoConfiguration [EurekaStarterDeprecationWarningAutoConfiguration.java:19] - spring-cloud-starter-eureka is deprecated as of Spring Cloud Netflix 1.4.0, please migrate to spring-cloud-starter-netflix-eureka
2018-05-28 10:26:38,340 [main] INFO  AnnotationMBeanExporter [MBeanExporter.java:431] - Registering beans for JMX exposure on startup
2018-05-28 10:26:38,352 [main] INFO  AnnotationMBeanExporter [MBeanExporter.java:918] - Bean with name 'configurationPropertiesRebinder' has been autodetected for JMX exposure
2018-05-28 10:26:38,352 [main] INFO  AnnotationMBeanExporter [MBeanExporter.java:918] - Bean with name 'refreshEndpoint' has been autodetected for JMX exposure
2018-05-28 10:26:38,353 [main] INFO  AnnotationMBeanExporter [MBeanExporter.java:918] - Bean with name 'environmentManager' has been autodetected for JMX exposure
2018-05-28 10:26:38,354 [main] INFO  AnnotationMBeanExporter [MBeanExporter.java:918] - Bean with name 'serviceRegistryEndpoint' has been autodetected for JMX exposure
2018-05-28 10:26:38,356 [main] INFO  AnnotationMBeanExporter [MBeanExporter.java:918] - Bean with name 'refreshScope' has been autodetected for JMX exposure
2018-05-28 10:26:38,358 [main] INFO  AnnotationMBeanExporter [MBeanExporter.java:679] - Located managed bean 'environmentManager': registering with JMX server as MBean [org.springframework.cloud.context.environment:name=environmentManager,type=EnvironmentManager]
2018-05-28 10:26:38,371 [main] INFO  AnnotationMBeanExporter [MBeanExporter.java:679] - Located managed bean 'serviceRegistryEndpoint': registering with JMX server as MBean [org.springframework.cloud.client.serviceregistry.endpoint:name=serviceRegistryEndpoint,type=ServiceRegistryEndpoint]
2018-05-28 10:26:38,378 [main] INFO  AnnotationMBeanExporter [MBeanExporter.java:679] - Located managed bean 'refreshScope': registering with JMX server as MBean [org.springframework.cloud.context.scope.refresh:name=refreshScope,type=RefreshScope]
2018-05-28 10:26:38,389 [main] INFO  AnnotationMBeanExporter [MBeanExporter.java:679] - Located managed bean 'configurationPropertiesRebinder': registering with JMX server as MBean [org.springframework.cloud.context.properties:name=configurationPropertiesRebinder,context=4cc6fa2a,type=ConfigurationPropertiesRebinder]
2018-05-28 10:26:38,396 [main] INFO  AnnotationMBeanExporter [MBeanExporter.java:679] - Located managed bean 'refreshEndpoint': registering with JMX server as MBean [org.springframework.cloud.endpoint:name=refreshEndpoint,type=RefreshEndpoint]
2018-05-28 10:26:38,400 [main] INFO  EndpointMBeanExporter [MBeanExporter.java:431] - Registering beans for JMX exposure on startup
2018-05-28 10:26:38,411 [main] INFO  DefaultLifecycleProcessor [DefaultLifecycleProcessor.java:341] - Starting beans in phase 0
2018-05-28 10:26:38,417 [main] INFO  InstanceInfoFactory [InstanceInfoFactory.java:71] - Setting initial instance status as: STARTING
2018-05-28 10:26:38,440 [main] INFO  DiscoveryClient [DiscoveryClient.java:347] - Initializing Eureka in region us-east-1
2018-05-28 10:26:38,902 [main] INFO  DiscoveryJerseyProvider [DiscoveryJerseyProvider.java:70] - Using JSON encoding codec LegacyJacksonJson
2018-05-28 10:26:38,903 [main] INFO  DiscoveryJerseyProvider [DiscoveryJerseyProvider.java:71] - Using JSON decoding codec LegacyJacksonJson
2018-05-28 10:26:39,000 [main] INFO  DiscoveryJerseyProvider [DiscoveryJerseyProvider.java:80] - Using XML encoding codec XStreamXml
2018-05-28 10:26:39,000 [main] INFO  DiscoveryJerseyProvider [DiscoveryJerseyProvider.java:81] - Using XML decoding codec XStreamXml
2018-05-28 10:26:39,124 [main] INFO  ConfigClusterResolver [ConfigClusterResolver.java:43] - Resolving eureka endpoints via configuration
2018-05-28 10:26:39,239 [main] INFO  DiscoveryClient [DiscoveryClient.java:934] - Disable delta property : false
2018-05-28 10:26:39,240 [main] INFO  DiscoveryClient [DiscoveryClient.java:935] - Single vip registry refresh property : null
2018-05-28 10:26:39,240 [main] INFO  DiscoveryClient [DiscoveryClient.java:936] - Force full registry fetch : false
2018-05-28 10:26:39,240 [main] INFO  DiscoveryClient [DiscoveryClient.java:937] - Application is null : false
2018-05-28 10:26:39,240 [main] INFO  DiscoveryClient [DiscoveryClient.java:938] - Registered Applications size is zero : true
2018-05-28 10:26:39,240 [main] INFO  DiscoveryClient [DiscoveryClient.java:940] - Application version is -1: true
2018-05-28 10:26:39,240 [main] INFO  DiscoveryClient [DiscoveryClient.java:1023] - Getting all instance registry info from the eureka server
2018-05-28 10:26:39,351 [main] INFO  DiscoveryClient [DiscoveryClient.java:1032] - The response status is 200
2018-05-28 10:26:39,352 [main] INFO  DiscoveryClient [DiscoveryClient.java:1258] - Starting heartbeat executor: renew interval is: 30
2018-05-28 10:26:39,355 [main] INFO  InstanceInfoReplicator [InstanceInfoReplicator.java:59] - InstanceInfoReplicator onDemand update allowed rate per min is 4
2018-05-28 10:26:39,359 [main] INFO  DiscoveryClient [DiscoveryClient.java:434] - Discovery Client initialized at timestamp 1527474399358 with initial instances count: 3
2018-05-28 10:26:39,364 [main] INFO  EurekaServiceRegistry [EurekaServiceRegistry.java:40] - Registering application step-config-server with eureka with status UP
2018-05-28 10:26:39,365 [main] INFO  DiscoveryClient [DiscoveryClient.java:1293] - Saw local status change event StatusChangeEvent [timestamp=1527474399365, current=UP, previous=STARTING]
2018-05-28 10:26:39,368 [DiscoveryClient-InstanceInfoReplicator-0] INFO  DiscoveryClient [DiscoveryClient.java:804] - DiscoveryClient_STEP-CONFIG-SERVER/10.0.30.80:step-config-server:10200: registering service...
2018-05-28 10:26:39,375 [main] INFO  EndpointMBeanExporter [MBeanExporter.java:679] - Located managed bean 'auditEventsEndpoint': registering with JMX server as MBean [org.springframework.boot:type=Endpoint,name=auditEventsEndpoint]
2018-05-28 10:26:39,384 [main] INFO  EndpointMBeanExporter [MBeanExporter.java:679] - Located managed bean 'archaiusEndpoint': registering with JMX server as MBean [org.springframework.boot:type=Endpoint,name=archaiusEndpoint]
2018-05-28 10:26:39,393 [main] INFO  EndpointMBeanExporter [MBeanExporter.java:679] - Located managed bean 'featuresEndpoint': registering with JMX server as MBean [org.springframework.boot:type=Endpoint,name=featuresEndpoint]
2018-05-28 10:26:39,396 [main] INFO  EndpointMBeanExporter [MBeanExporter.java:679] - Located managed bean 'requestMappingEndpoint': registering with JMX server as MBean [org.springframework.boot:type=Endpoint,name=requestMappingEndpoint]
2018-05-28 10:26:39,399 [main] INFO  EndpointMBeanExporter [MBeanExporter.java:679] - Located managed bean 'environmentEndpoint': registering with JMX server as MBean [org.springframework.boot:type=Endpoint,name=environmentEndpoint]
2018-05-28 10:26:39,401 [main] INFO  EndpointMBeanExporter [MBeanExporter.java:679] - Located managed bean 'healthEndpoint': registering with JMX server as MBean [org.springframework.boot:type=Endpoint,name=healthEndpoint]
2018-05-28 10:26:39,405 [main] INFO  EndpointMBeanExporter [MBeanExporter.java:679] - Located managed bean 'beansEndpoint': registering with JMX server as MBean [org.springframework.boot:type=Endpoint,name=beansEndpoint]
2018-05-28 10:26:39,408 [main] INFO  EndpointMBeanExporter [MBeanExporter.java:679] - Located managed bean 'infoEndpoint': registering with JMX server as MBean [org.springframework.boot:type=Endpoint,name=infoEndpoint]
2018-05-28 10:26:39,409 [DiscoveryClient-InstanceInfoReplicator-0] INFO  DiscoveryClient [DiscoveryClient.java:813] - DiscoveryClient_STEP-CONFIG-SERVER/10.0.30.80:step-config-server:10200 - registration status: 204
2018-05-28 10:26:39,411 [main] INFO  EndpointMBeanExporter [MBeanExporter.java:679] - Located managed bean 'loggersEndpoint': registering with JMX server as MBean [org.springframework.boot:type=Endpoint,name=loggersEndpoint]
2018-05-28 10:26:39,417 [main] INFO  EndpointMBeanExporter [MBeanExporter.java:679] - Located managed bean 'metricsEndpoint': registering with JMX server as MBean [org.springframework.boot:type=Endpoint,name=metricsEndpoint]
2018-05-28 10:26:39,419 [main] INFO  EndpointMBeanExporter [MBeanExporter.java:679] - Located managed bean 'traceEndpoint': registering with JMX server as MBean [org.springframework.boot:type=Endpoint,name=traceEndpoint]
2018-05-28 10:26:39,422 [main] INFO  EndpointMBeanExporter [MBeanExporter.java:679] - Located managed bean 'dumpEndpoint': registering with JMX server as MBean [org.springframework.boot:type=Endpoint,name=dumpEndpoint]
2018-05-28 10:26:39,424 [main] INFO  EndpointMBeanExporter [MBeanExporter.java:679] - Located managed bean 'autoConfigurationReportEndpoint': registering with JMX server as MBean [org.springframework.boot:type=Endpoint,name=autoConfigurationReportEndpoint]
2018-05-28 10:26:39,426 [main] INFO  EndpointMBeanExporter [MBeanExporter.java:679] - Located managed bean 'configurationPropertiesReportEndpoint': registering with JMX server as MBean [org.springframework.boot:type=Endpoint,name=configurationPropertiesReportEndpoint]
2018-05-28 10:26:39,441 [main] INFO  Http11NioProtocol [DirectJDKLog.java:180] - Starting ProtocolHandler ["http-nio-10200"]
2018-05-28 10:26:39,452 [main] INFO  NioSelectorPool [DirectJDKLog.java:180] - Using a shared selector for servlet write/read
2018-05-28 10:26:39,468 [main] INFO  TomcatEmbeddedServletContainer [TomcatEmbeddedServletContainer.java:216] - Tomcat started on port(s): 10200 (http)
2018-05-28 10:26:39,468 [main] INFO  EurekaAutoServiceRegistration [EurekaAutoServiceRegistration.java:124] - Updating port to 10200
2018-05-28 10:26:39,473 [main] INFO  StepConfigServerApplication [StartupInfoLogger.java:57] - Started StepConfigServerApplication in 5.403 seconds (JVM running for 6.136)
2018-05-28 10:28:10,094 [RMI TCP Connection(9)-127.0.0.1] INFO  SpringApplicationAdminMXBeanRegistrar$SpringApplicationAdmin [SpringApplicationAdminMXBeanRegistrar.java:125] - Application shutdown requested.
2018-05-28 10:28:10,095 [RMI TCP Connection(9)-127.0.0.1] INFO  AnnotationConfigEmbeddedWebApplicationContext [AbstractApplicationContext.java:984] - Closing org.springframework.boot.context.embedded.AnnotationConfigEmbeddedWebApplicationContext@4cc6fa2a: startup date [Mon May 28 10:26:35 CST 2018]; parent: org.springframework.context.annotation.AnnotationConfigApplicationContext@752325ad
2018-05-28 10:28:10,095 [RMI TCP Connection(9)-127.0.0.1] INFO  EurekaServiceRegistry [EurekaServiceRegistry.java:64] - Unregistering application step-config-server with eureka with status DOWN
2018-05-28 10:28:10,096 [RMI TCP Connection(9)-127.0.0.1] WARN  DiscoveryClient [DiscoveryClient.java:1291] - Saw local status change event StatusChangeEvent [timestamp=1527474490096, current=DOWN, previous=UP]
2018-05-28 10:28:10,097 [RMI TCP Connection(9)-127.0.0.1] INFO  DefaultLifecycleProcessor [DefaultLifecycleProcessor.java:356] - Stopping beans in phase 0
2018-05-28 10:28:10,098 [DiscoveryClient-InstanceInfoReplicator-0] INFO  DiscoveryClient [DiscoveryClient.java:804] - DiscoveryClient_STEP-CONFIG-SERVER/10.0.30.80:step-config-server:10200: registering service...
2018-05-28 10:28:10,103 [RMI TCP Connection(9)-127.0.0.1] INFO  EndpointMBeanExporter [MBeanExporter.java:449] - Unregistering JMX-exposed beans on shutdown
2018-05-28 10:28:10,103 [RMI TCP Connection(9)-127.0.0.1] INFO  EndpointMBeanExporter [MBeanRegistrationSupport.java:241] - Unregistering JMX-exposed beans
2018-05-28 10:28:10,104 [RMI TCP Connection(9)-127.0.0.1] INFO  AnnotationMBeanExporter [MBeanExporter.java:449] - Unregistering JMX-exposed beans on shutdown
2018-05-28 10:28:10,104 [RMI TCP Connection(9)-127.0.0.1] INFO  AnnotationMBeanExporter [MBeanRegistrationSupport.java:241] - Unregistering JMX-exposed beans
2018-05-28 10:28:10,105 [RMI TCP Connection(9)-127.0.0.1] INFO  DiscoveryClient [DiscoveryClient.java:866] - Shutting down DiscoveryClient ...
2018-05-28 10:28:10,106 [RMI TCP Connection(9)-127.0.0.1] INFO  DiscoveryClient [DiscoveryClient.java:898] - Unregistering ...
2018-05-28 10:28:10,113 [RMI TCP Connection(9)-127.0.0.1] INFO  DiscoveryClient [DiscoveryClient.java:900] - DiscoveryClient_STEP-CONFIG-SERVER/10.0.30.80:step-config-server:10200 - deregister  status: 200
2018-05-28 10:28:10,113 [DiscoveryClient-InstanceInfoReplicator-0] INFO  DiscoveryClient [DiscoveryClient.java:813] - DiscoveryClient_STEP-CONFIG-SERVER/10.0.30.80:step-config-server:10200 - registration status: 204
2018-05-28 10:28:10,115 [RMI TCP Connection(9)-127.0.0.1] INFO  DiscoveryClient [DiscoveryClient.java:887] - Completed shut down of DiscoveryClient
2018-05-28 10:28:10,119 [RMI TCP Connection(9)-127.0.0.1] INFO  Http11NioProtocol [DirectJDKLog.java:180] - Pausing ProtocolHandler ["http-nio-10200"]
2018-05-28 10:28:10,266 [RMI TCP Connection(9)-127.0.0.1] INFO  StandardService [DirectJDKLog.java:180] - Stopping service [Tomcat]
2018-05-28 10:28:10,277 [RMI TCP Connection(9)-127.0.0.1] INFO  Http11NioProtocol [DirectJDKLog.java:180] - Stopping ProtocolHandler ["http-nio-10200"]
2018-05-28 10:28:10,284 [RMI TCP Connection(9)-127.0.0.1] INFO  Http11NioProtocol [DirectJDKLog.java:180] - Destroying ProtocolHandler ["http-nio-10200"]
